<?xml version="1.0" encoding="UTF-8"?>
<testsuite name="org.springframework.samples.petclinic.owner.VisitControllerTests" tests="3" skipped="0" failures="0" errors="0" timestamp="2025-01-08T09:51:35" hostname="CQ-CLEMENS" time="0.086">
  <properties/>
  <testcase name="testProcessNewVisitFormHasErrors" classname="org.springframework.samples.petclinic.owner.VisitControllerTests" time="0.059"/>
  <testcase name="testProcessNewVisitFormSuccess" classname="org.springframework.samples.petclinic.owner.VisitControllerTests" time="0.011"/>
  <testcase name="testInitNewVisitForm" classname="org.springframework.samples.petclinic.owner.VisitControllerTests" time="0.012"/>
  <system-out><![CDATA[2025-01-08 10:51:34.836  INFO 23408 --- [    Test worker] .b.t.a.w.s.WebMvcTestContextBootstrapper : Neither @ContextConfiguration nor @ContextHierarchy found for test class [org.springframework.samples.petclinic.owner.VisitControllerTests], using SpringBootContextLoader
2025-01-08 10:51:34.836  INFO 23408 --- [    Test worker] o.s.t.c.support.AbstractContextLoader    : Could not detect default resource locations for test class [org.springframework.samples.petclinic.owner.VisitControllerTests]: no resource found for suffixes {-context.xml, Context.groovy}.
2025-01-08 10:51:34.836  INFO 23408 --- [    Test worker] t.c.s.AnnotationConfigContextLoaderUtils : Could not detect default configuration classes for test class [org.springframework.samples.petclinic.owner.VisitControllerTests]: VisitControllerTests does not declare any static, non-private, non-final, nested classes annotated with @Configuration.
2025-01-08 10:51:34.836  INFO 23408 --- [    Test worker] .b.t.c.SpringBootTestContextBootstrapper : Found @SpringBootConfiguration org.springframework.samples.petclinic.PetClinicApplication for test class org.springframework.samples.petclinic.owner.VisitControllerTests
2025-01-08 10:51:34.836  INFO 23408 --- [    Test worker] .b.t.a.w.s.WebMvcTestContextBootstrapper : Loaded default TestExecutionListener class names from location [META-INF/spring.factories]: [org.springframework.boot.test.autoconfigure.restdocs.RestDocsTestExecutionListener, org.springframework.boot.test.autoconfigure.web.client.MockRestServiceServerResetTestExecutionListener, org.springframework.boot.test.autoconfigure.web.servlet.MockMvcPrintOnlyOnFailureTestExecutionListener, org.springframework.boot.test.autoconfigure.web.servlet.WebDriverTestExecutionListener, org.springframework.boot.test.autoconfigure.webservices.client.MockWebServiceServerTestExecutionListener, org.springframework.boot.test.mock.mockito.MockitoTestExecutionListener, org.springframework.boot.test.mock.mockito.ResetMocksTestExecutionListener, org.springframework.test.context.web.ServletTestExecutionListener, org.springframework.test.context.support.DirtiesContextBeforeModesTestExecutionListener, org.springframework.test.context.event.ApplicationEventsTestExecutionListener, org.springframework.test.context.support.DependencyInjectionTestExecutionListener, org.springframework.test.context.support.DirtiesContextTestExecutionListener, org.springframework.test.context.transaction.TransactionalTestExecutionListener, org.springframework.test.context.jdbc.SqlScriptsTestExecutionListener, org.springframework.test.context.event.EventPublishingTestExecutionListener]
2025-01-08 10:51:34.836  INFO 23408 --- [    Test worker] .b.t.a.w.s.WebMvcTestContextBootstrapper : Using TestExecutionListeners: [org.springframework.test.context.web.ServletTestExecutionListener@620f99dd, org.springframework.test.context.support.DirtiesContextBeforeModesTestExecutionListener@7647eff0, org.springframework.test.context.event.ApplicationEventsTestExecutionListener@36ce218e, org.springframework.boot.test.mock.mockito.MockitoTestExecutionListener@6c6cde22, org.springframework.boot.test.autoconfigure.SpringBootDependencyInjectionTestExecutionListener@72337303, org.springframework.test.context.support.DirtiesContextTestExecutionListener@3bc22ada, org.springframework.test.context.transaction.TransactionalTestExecutionListener@7c47ae7d, org.springframework.test.context.jdbc.SqlScriptsTestExecutionListener@7650e219, org.springframework.test.context.event.EventPublishingTestExecutionListener@1f122cbb, org.springframework.boot.test.autoconfigure.restdocs.RestDocsTestExecutionListener@352c5179, org.springframework.boot.test.autoconfigure.web.client.MockRestServiceServerResetTestExecutionListener@74d925e7, org.springframework.boot.test.autoconfigure.web.servlet.MockMvcPrintOnlyOnFailureTestExecutionListener@568514f, org.springframework.boot.test.autoconfigure.web.servlet.WebDriverTestExecutionListener@b11d2ad, org.springframework.boot.test.autoconfigure.webservices.client.MockWebServiceServerTestExecutionListener@5ce1ed2f, org.springframework.boot.test.mock.mockito.ResetMocksTestExecutionListener@612a0d49]


              |\      _,,,--,,_
             /,`.-'`'   ._  \-;;,_
  _______ __|,4-  ) )_   .;.(__`'-'__     ___ __    _ ___ _______
 |       | '---''(_/._)-'(_\_)   |   |   |   |  |  | |   |       |
 |    _  |    ___|_     _|       |   |   |   |   |_| |   |       | __ _ _
 |   |_| |   |___  |   | |       |   |   |   |       |   |       | \ \ \ \
 |    ___|    ___| |   | |      _|   |___|   |  _    |   |      _|  \ \ \ \
 |   |   |   |___  |   | |     |_|       |   | | |   |   |     |_    ) ) ) )
 |___|   |_______| |___| |_______|_______|___|_|  |__|___|_______|  / / / /
 ==================================================================/_/_/_/

:: Built with Spring Boot :: 2.7.16


2025-01-08 10:51:34.867  INFO 23408 --- [    Test worker] o.s.s.p.owner.VisitControllerTests       : Starting VisitControllerTests using Java 23.0.1 on CQ-Clemens with PID 23408 (started by ClemensNikolaus in C:\Users\ClemensNikolaus\OneDrive - Comquent GmbH\Desktop\petclinic)
2025-01-08 10:51:34.867  INFO 23408 --- [    Test worker] o.s.s.p.owner.VisitControllerTests       : The following 1 profile is active: "production"
2025-01-08 10:51:35.380  INFO 23408 --- [    Test worker] o.s.b.t.m.w.SpringBootMockServletContext : Initializing Spring TestDispatcherServlet ''
2025-01-08 10:51:35.380  INFO 23408 --- [    Test worker] o.s.t.web.servlet.TestDispatcherServlet  : Initializing Servlet ''
2025-01-08 10:51:35.380  INFO 23408 --- [    Test worker] o.s.t.web.servlet.TestDispatcherServlet  : Completed initialization in 0 ms
2025-01-08 10:51:35.396  INFO 23408 --- [    Test worker] o.s.s.p.owner.VisitControllerTests       : Started VisitControllerTests in 0.551 seconds (JVM running for 8.246)
]]></system-out>
  <system-err><![CDATA[]]></system-err>
</testsuite>
