<?xml version="1.0" encoding="UTF-8"?>
<testsuite name="org.springframework.samples.petclinic.owner.PetControllerTests" tests="6" skipped="0" failures="0" errors="0" timestamp="2025-01-08T09:51:34" hostname="CQ-CLEMENS" time="0.153">
  <properties/>
  <testcase name="testProcessCreationFormSuccess" classname="org.springframework.samples.petclinic.owner.PetControllerTests" time="0.045"/>
  <testcase name="testProcessUpdateFormSuccess" classname="org.springframework.samples.petclinic.owner.PetControllerTests" time="0.012"/>
  <testcase name="testInitUpdateForm" classname="org.springframework.samples.petclinic.owner.PetControllerTests" time="0.054"/>
  <testcase name="testInitCreationForm" classname="org.springframework.samples.petclinic.owner.PetControllerTests" time="0.011"/>
  <testcase name="testProcessCreationFormHasErrors" classname="org.springframework.samples.petclinic.owner.PetControllerTests" time="0.013"/>
  <testcase name="testProcessUpdateFormHasErrors" classname="org.springframework.samples.petclinic.owner.PetControllerTests" time="0.013"/>
  <system-out><![CDATA[2025-01-08 10:51:33.756  INFO 23408 --- [    Test worker] .b.t.a.w.s.WebMvcTestContextBootstrapper : Neither @ContextConfiguration nor @ContextHierarchy found for test class [org.springframework.samples.petclinic.owner.PetControllerTests], using SpringBootContextLoader
2025-01-08 10:51:33.756  INFO 23408 --- [    Test worker] o.s.t.c.support.AbstractContextLoader    : Could not detect default resource locations for test class [org.springframework.samples.petclinic.owner.PetControllerTests]: no resource found for suffixes {-context.xml, Context.groovy}.
2025-01-08 10:51:33.756  INFO 23408 --- [    Test worker] t.c.s.AnnotationConfigContextLoaderUtils : Could not detect default configuration classes for test class [org.springframework.samples.petclinic.owner.PetControllerTests]: PetControllerTests does not declare any static, non-private, non-final, nested classes annotated with @Configuration.
2025-01-08 10:51:33.771  INFO 23408 --- [    Test worker] .b.t.c.SpringBootTestContextBootstrapper : Found @SpringBootConfiguration org.springframework.samples.petclinic.PetClinicApplication for test class org.springframework.samples.petclinic.owner.PetControllerTests
2025-01-08 10:51:33.771  INFO 23408 --- [    Test worker] .b.t.a.w.s.WebMvcTestContextBootstrapper : Loaded default TestExecutionListener class names from location [META-INF/spring.factories]: [org.springframework.boot.test.autoconfigure.restdocs.RestDocsTestExecutionListener, org.springframework.boot.test.autoconfigure.web.client.MockRestServiceServerResetTestExecutionListener, org.springframework.boot.test.autoconfigure.web.servlet.MockMvcPrintOnlyOnFailureTestExecutionListener, org.springframework.boot.test.autoconfigure.web.servlet.WebDriverTestExecutionListener, org.springframework.boot.test.autoconfigure.webservices.client.MockWebServiceServerTestExecutionListener, org.springframework.boot.test.mock.mockito.MockitoTestExecutionListener, org.springframework.boot.test.mock.mockito.ResetMocksTestExecutionListener, org.springframework.test.context.web.ServletTestExecutionListener, org.springframework.test.context.support.DirtiesContextBeforeModesTestExecutionListener, org.springframework.test.context.event.ApplicationEventsTestExecutionListener, org.springframework.test.context.support.DependencyInjectionTestExecutionListener, org.springframework.test.context.support.DirtiesContextTestExecutionListener, org.springframework.test.context.transaction.TransactionalTestExecutionListener, org.springframework.test.context.jdbc.SqlScriptsTestExecutionListener, org.springframework.test.context.event.EventPublishingTestExecutionListener]
2025-01-08 10:51:33.771  INFO 23408 --- [    Test worker] .b.t.a.w.s.WebMvcTestContextBootstrapper : Using TestExecutionListeners: [org.springframework.test.context.web.ServletTestExecutionListener@45ef4dcb, org.springframework.test.context.support.DirtiesContextBeforeModesTestExecutionListener@54557dd8, org.springframework.test.context.event.ApplicationEventsTestExecutionListener@1a593fc7, org.springframework.boot.test.mock.mockito.MockitoTestExecutionListener@13e59265, org.springframework.boot.test.autoconfigure.SpringBootDependencyInjectionTestExecutionListener@2c5b04c7, org.springframework.test.context.support.DirtiesContextTestExecutionListener@539f0729, org.springframework.test.context.transaction.TransactionalTestExecutionListener@ebad9a, org.springframework.test.context.jdbc.SqlScriptsTestExecutionListener@3fa27158, org.springframework.test.context.event.EventPublishingTestExecutionListener@4b2b2757, org.springframework.boot.test.autoconfigure.restdocs.RestDocsTestExecutionListener@6026c754, org.springframework.boot.test.autoconfigure.web.client.MockRestServiceServerResetTestExecutionListener@3d7c21b7, org.springframework.boot.test.autoconfigure.web.servlet.MockMvcPrintOnlyOnFailureTestExecutionListener@11f8bff1, org.springframework.boot.test.autoconfigure.web.servlet.WebDriverTestExecutionListener@3fb2306, org.springframework.boot.test.autoconfigure.webservices.client.MockWebServiceServerTestExecutionListener@5531484a, org.springframework.boot.test.mock.mockito.ResetMocksTestExecutionListener@99caac2]


              |\      _,,,--,,_
             /,`.-'`'   ._  \-;;,_
  _______ __|,4-  ) )_   .;.(__`'-'__     ___ __    _ ___ _______
 |       | '---''(_/._)-'(_\_)   |   |   |   |  |  | |   |       |
 |    _  |    ___|_     _|       |   |   |   |   |_| |   |       | __ _ _
 |   |_| |   |___  |   | |       |   |   |   |       |   |       | \ \ \ \
 |    ___|    ___| |   | |      _|   |___|   |  _    |   |      _|  \ \ \ \
 |   |   |   |___  |   | |     |_|       |   | | |   |   |     |_    ) ) ) )
 |___|   |_______| |___| |_______|_______|___|_|  |__|___|_______|  / / / /
 ==================================================================/_/_/_/

:: Built with Spring Boot :: 2.7.16


2025-01-08 10:51:33.787  INFO 23408 --- [    Test worker] o.s.s.p.owner.PetControllerTests         : Starting PetControllerTests using Java 23.0.1 on CQ-Clemens with PID 23408 (started by ClemensNikolaus in C:\Users\ClemensNikolaus\OneDrive - Comquent GmbH\Desktop\petclinic)
2025-01-08 10:51:33.787  INFO 23408 --- [    Test worker] o.s.s.p.owner.PetControllerTests         : The following 1 profile is active: "production"
2025-01-08 10:51:34.630  INFO 23408 --- [    Test worker] o.s.b.t.m.w.SpringBootMockServletContext : Initializing Spring TestDispatcherServlet ''
2025-01-08 10:51:34.630  INFO 23408 --- [    Test worker] o.s.t.web.servlet.TestDispatcherServlet  : Initializing Servlet ''
2025-01-08 10:51:34.630  INFO 23408 --- [    Test worker] o.s.t.web.servlet.TestDispatcherServlet  : Completed initialization in 0 ms
2025-01-08 10:51:34.646  INFO 23408 --- [    Test worker] o.s.s.p.owner.PetControllerTests         : Started PetControllerTests in 0.878 seconds (JVM running for 7.5)
]]></system-out>
  <system-err><![CDATA[]]></system-err>
</testsuite>
